-------------------------------------------------------------------------------
Test set: com.example.Hotel_management.HotelManagementApplicationTests
-------------------------------------------------------------------------------
Tests run: 1, Failures: 0, Errors: 1, Skipped: 0, Time elapsed: 0.208 s <<< FAILURE! - in com.example.Hotel_management.HotelManagementApplicationTests
com.example.Hotel_management.HotelManagementApplicationTests  Time elapsed: 0.207 s  <<< ERROR!
java.lang.IllegalStateException: Unable to find a @SpringBootConfiguration, you need to use @ContextConfiguration or @SpringBootTest(classes=...) with your test

